2022-07-11 01:28:41 INFO  OdontologoService:27 - Guardando paciente Nieves Samudio
  2022-07-11 01:28:41 INFO  OdontologoService:46 - Se ha guardado el paciente
  2022-07-11 01:29:05 INFO  OdontologoService:27 - Guardando paciente Nieves Samudio
  2022-07-11 01:29:05 INFO  OdontologoService:46 - Se ha guardado el paciente
  2022-07-11 01:32:24 INFO  OdontologoService:27 - Guardando paciente Nieves Samudio
  2022-07-11 01:32:24 INFO  OdontologoService:46 - Se ha guardado el paciente
  2022-07-11 08:06:12 INFO  OdontologoService:27 - Guardando paciente Nieves
  2022-07-11 08:06:12 INFO  OdontologoService:46 - Se ha guardado el paciente
  2022-07-11 08:13:30 INFO  OdontologoService:27 - Guardando paciente Nieves
  2022-07-11 08:13:30 INFO  OdontologoService:46 - Se ha guardado el paciente
  2022-07-11 08:25:08 INFO  OdontologoService:27 - Guardando paciente Nieves
  2022-07-11 08:25:08 INFO  OdontologoService:46 - Se ha guardado el paciente
  2022-07-11 08:31:21 INFO  OdontologoService:27 - Guardando paciente Nieves
  2022-07-11 08:31:21 INFO  OdontologoService:46 - Se ha guardado el paciente
  2022-07-11 08:36:40 INFO  OdontologoService:27 - Guardando paciente sxwsw
  2022-07-11 08:36:40 INFO  OdontologoService:46 - Se ha guardado el paciente
  2022-07-11 08:43:49 INFO  OdontologoService:27 - Guardando paciente wdcw
  2022-07-11 08:43:49 INFO  OdontologoService:46 - Se ha guardado el paciente
  2022-07-11 08:48:41 INFO  OdontologoService:27 - Guardando paciente Nieves
  2022-07-11 08:48:41 INFO  OdontologoService:46 - Se ha guardado el paciente
  2022-07-11 09:22:30 INFO  OdontologoService:27 - Guardando paciente Nieves
  2022-07-11 09:22:30 INFO  OdontologoService:46 - Se ha guardado el paciente
  2022-07-11 09:41:58 INFO  OdontologoService:27 - Guardando paciente ewfwf
  2022-07-11 09:41:58 INFO  OdontologoService:46 - Se ha guardado el paciente
  